#
# There is insufficient memory for the Java Runtime Environment to continue.
# Native memory allocation (malloc) failed to allocate 361056 bytes for Chunk::new
# Possible reasons:
#   The system is out of physical RAM or swap space
#   In 32 bit mode, the process size limit was hit
# Possible solutions:
#   Reduce memory load on the system
#   Increase physical memory or swap space
#   Check if swap backing store is full
#   Use 64 bit Java on a 64 bit OS
#   Decrease Java heap size (-Xmx/-Xms)
#   Decrease number of Java threads
#   Decrease Java thread stack sizes (-Xss)
#   Set larger code cache with -XX:ReservedCodeCacheSize=
# This output file may be truncated or incomplete.
#
#  Out of Memory Error (allocation.cpp:390), pid=1256, tid=0x0000000000001814
#
# JRE version: Java(TM) SE Runtime Environment (8.0_111-b14) (build 1.8.0_111-b14)
# Java VM: Java HotSpot(TM) 64-Bit Server VM (25.111-b14 mixed mode windows-amd64 compressed oops)
# Failed to write core dump. Minidumps are not enabled by default on client versions of Windows
#

---------------  T H R E A D  ---------------

Current thread (0x00000000145b2800):  JavaThread "C2 CompilerThread1" daemon [_thread_in_native, id=6164, stack(0x0000000015c10000,0x0000000015d10000)]

Stack: [0x0000000015c10000,0x0000000015d10000]
[error occurred during error reporting (printing stack bounds), id 0xc0000005]

Native frames: (J=compiled Java code, j=interpreted, Vv=VM code, C=native code)


Current CompileTask:
C2:   2041 1013       4       com.android.dx.ssa.SCCP::simulateStmt (481 bytes)


---------------  P R O C E S S  ---------------

Java Threads: ( => current thread )
  0x0000000015f60800 JavaThread "pool-1-thread-4" [_thread_in_Java, id=1012, stack(0x0000000016810000,0x0000000016910000)]
  0x0000000015f5f800 JavaThread "pool-1-thread-3" [_thread_in_vm, id=6364, stack(0x0000000016710000,0x0000000016810000)]
  0x0000000015e9b000 JavaThread "pool-1-thread-2" [_thread_in_Java, id=3728, stack(0x0000000016610000,0x0000000016710000)]
  0x0000000015e98000 JavaThread "pool-2-thread-1" [_thread_blocked, id=3924, stack(0x0000000016510000,0x0000000016610000)]
  0x0000000015e95800 JavaThread "pool-1-thread-1" [_thread_in_Java, id=6468, stack(0x0000000016410000,0x0000000016510000)]
  0x0000000015d14800 JavaThread "Service Thread" daemon [_thread_blocked, id=1824, stack(0x0000000016210000,0x0000000016310000)]
  0x0000000015d10800 JavaThread "C1 CompilerThread2" daemon [_thread_blocked, id=3104, stack(0x0000000016110000,0x0000000016210000)]
=>0x00000000145b2800 JavaThread "C2 CompilerThread1" daemon [_thread_in_native, id=6164, stack(0x0000000015c10000,0x0000000015d10000)]
  0x00000000145af800 JavaThread "C2 CompilerThread0" daemon [_thread_in_native, id=6072, stack(0x0000000015b10000,0x0000000015c10000)]
  0x00000000145ad800 JavaThread "Attach Listener" daemon [_thread_blocked, id=7056, stack(0x0000000015a10000,0x0000000015b10000)]
  0x00000000145ac800 JavaThread "Signal Dispatcher" daemon [_thread_blocked, id=5656, stack(0x0000000015910000,0x0000000015a10000)]
  0x0000000001eda800 JavaThread "Finalizer" daemon [_thread_blocked, id=6968, stack(0x0000000015810000,0x0000000015910000)]
  0x0000000014578800 JavaThread "Reference Handler" daemon [_thread_blocked, id=3864, stack(0x0000000015710000,0x0000000015810000)]
  0x0000000001de0800 JavaThread "main" [_thread_blocked, id=6036, stack(0x0000000001ce0000,0x0000000001de0000)]

Other Threads:
  0x0000000014577000 VMThread [stack: 0x0000000015610000,0x0000000015710000] [id=3776]
  0x0000000015d32800 WatcherThread [stack: 0x0000000016310000,0x0000000016410000] [id=6244]

VM state:not at safepoint (normal execution)

VM Mutex/Monitor currently owned by a thread: None

Heap:
 PSYoungGen      total 28672K, used 24576K [0x00000000eab00000, 0x00000000ecb00000, 0x0000000100000000)
  eden space 24576K, 100% used [0x00000000eab00000,0x00000000ec300000,0x00000000ec300000)
  from space 4096K, 0% used [0x00000000ec700000,0x00000000ec700000,0x00000000ecb00000)
  to   space 4096K, 0% used [0x00000000ec300000,0x00000000ec300000,0x00000000ec700000)
 ParOldGen       total 65536K, used 0K [0x00000000c0000000, 0x00000000c4000000, 0x00000000eab00000)
  object space 65536K, 0% used [0x00000000c0000000,0x00000000c0000000,0x00000000c4000000)
 Metaspace       used 6051K, capacity 6936K, committed 7168K, reserved 1056768K
  class space    used 624K, capacity 656K, committed 768K, reserved 1048576K

Card table byte_map: [0x00000000112a0000,0x00000000114b0000] byte_map_base: 0x0000000010ca0000

Marking Bits: (ParMarkBitMap*) 0x0000000068c6a6c0
 Begin Bits: [0x0000000011a10000, 0x0000000012a10000)
 End Bits:   [0x0000000012a10000, 0x0000000013a10000)

Polling page: 0x00000000003e0000

CodeCache: size=245760Kb used=4265Kb max_used=4275Kb free=241494Kb
 bounds [0x0000000001ee0000, 0x0000000002310000, 0x0000000010ee0000]
 total_blobs=1340 nmethods=1067 adapters=185
 compilation: enabled

Compilation events (10 events):
Event: 2.036 Thread 0x0000000015d10800 nmethod 1067 0x000000000230a790 code [0x000000000230aa20, 0x000000000230bd18]
Event: 2.037 Thread 0x0000000015d10800 1068       3       com.android.dx.ssa.back.FirstFitLocalCombiningAllocator::tryMapRegs (110 bytes)
Event: 2.038 Thread 0x0000000015d10800 nmethod 1068 0x0000000002308f90 code [0x00000000023091e0, 0x0000000002309f58]
Event: 2.038 Thread 0x0000000015d10800 1069       3       com.android.dx.ssa.SsaMethod::mapRegisters (87 bytes)
Event: 2.039 Thread 0x00000000145af800 nmethod 1045 0x0000000002303450 code [0x00000000023035c0, 0x00000000023037e8]
Event: 2.039 Thread 0x00000000145af800 1037       4       com.android.dx.ssa.SsaMethod::updateOneDefinition (70 bytes)
Event: 2.039 Thread 0x0000000015d10800 nmethod 1069 0x000000000230e050 code [0x000000000230e2c0, 0x000000000230f3e8]
Event: 2.039 Thread 0x00000000145af800 nmethod 1037 0x0000000002279950 code [0x0000000002279a80, 0x0000000002279af8]
Event: 2.039 Thread 0x00000000145af800 1061       4       com.android.dx.rop.type.Type::getFrameType (58 bytes)
Event: 2.039 Thread 0x00000000145af800 nmethod 1061 0x00000000022fa450 code [0x00000000022fa580, 0x00000000022fa618]

GC Heap History (0 events):
No events

Deoptimization events (5 events):
Event: 1.440 Thread 0x0000000015f5f800 Uncommon trap: reason=unstable_if action=reinterpret pc=0x00000000020cc098 method=java.util.HashMap.getNode(ILjava/lang/Object;)Ljava/util/HashMap$Node; @ 129
Event: 1.662 Thread 0x0000000015e95800 Uncommon trap: reason=unstable_if action=reinterpret pc=0x0000000002128530 method=java.util.BitSet.nextSetBit(I)I @ 87
Event: 1.841 Thread 0x0000000015e95800 Uncommon trap: reason=unstable_if action=reinterpret pc=0x000000000221c89c method=com.android.dx.rop.cst.Constant.compareTo(Lcom/android/dx/rop/cst/Constant;)I @ 12
Event: 2.034 Thread 0x0000000015e95800 Uncommon trap: reason=bimorphic action=maybe_recompile pc=0x00000000021511c0 method=java.util.HashMap.getNode(ILjava/lang/Object;)Ljava/util/HashMap$Node; @ 126
Event: 2.034 Thread 0x0000000015e95800 Uncommon trap: reason=class_check action=maybe_recompile pc=0x00000000022b5e40 method=java.util.HashMap.putVal(ILjava/lang/Object;Ljava/lang/Object;ZZ)Ljava/lang/Object; @ 203

Internal exceptions (2 events):
Event: 0.039 Thread 0x0000000001de0800 Exception <a 'java/lang/NoSuchMethodError': Method sun.misc.Unsafe.defineClass(Ljava/lang/String;[BII)Ljava/lang/Class; name or signature does not match> (0x00000000eab07c78) thrown at [C:\re\workspace\8-2-build-windows-amd64-cygwin\jdk8u111\7883\hotspot\
Event: 0.039 Thread 0x0000000001de0800 Exception <a 'java/lang/NoSuchMethodError': Method sun.misc.Unsafe.prefetchRead(Ljava/lang/Object;J)V name or signature does not match> (0x00000000eab07f60) thrown at [C:\re\workspace\8-2-build-windows-amd64-cygwin\jdk8u111\7883\hotspot\src\share\vm\prims

Events (10 events):
Event: 1.908 Executing VM operation: Deoptimize
Event: 1.924 Executing VM operation: Deoptimize done
Event: 2.028 Thread 0x0000000015e95800 DEOPT PACKING pc=0x00000000021e8682 sp=0x000000001650ea50
Event: 2.028 Thread 0x0000000015e95800 DEOPT UNPACKING pc=0x0000000001f2787f sp=0x000000001650e7b8 mode 0
Event: 2.034 Thread 0x0000000015e95800 Uncommon trap: trap_request=0xffffffc6 fr.pc=0x00000000021511c0
Event: 2.034 Thread 0x0000000015e95800 DEOPT PACKING pc=0x00000000021511c0 sp=0x000000001650ec30
Event: 2.034 Thread 0x0000000015e95800 DEOPT UNPACKING pc=0x0000000001f2582a sp=0x000000001650eb68 mode 2
Event: 2.034 Thread 0x0000000015e95800 Uncommon trap: trap_request=0xffffffde fr.pc=0x00000000022b5e40
Event: 2.034 Thread 0x0000000015e95800 DEOPT PACKING pc=0x00000000022b5e40 sp=0x000000001650eb90
Event: 2.034 Thread 0x0000000015e95800 DEOPT UNPACKING pc=0x0000000001f2582a sp=0x000000001650eb08 mode 2


Dynamic libraries:
0x00007ff632c10000 - 0x00007ff632c47000 	C:\Android\Java\bin\java.exe
0x00007ff83a7d0000 - 0x00007ff83a97d000 	C:\Windows\SYSTEM32\ntdll.dll
0x00007ff839be0000 - 0x00007ff839d1e000 	C:\Windows\system32\KERNEL32.DLL
0x00007ff8379c0000 - 0x00007ff837ad5000 	C:\Windows\system32\KERNELBASE.dll
0x00007ff835f20000 - 0x00007ff835fae000 	C:\Windows\system32\apphelp.dll
0x00007ff82a720000 - 0x00007ff82a773000 	C:\Windows\AppPatch\AppPatch64\AcGenral.DLL
0x00007ff838030000 - 0x00007ff8380da000 	C:\Windows\system32\msvcrt.dll
0x00007ff837c40000 - 0x00007ff837c6e000 	C:\Windows\system32\SspiCli.dll
0x00007ff838230000 - 0x00007ff838284000 	C:\Windows\system32\SHLWAPI.dll
0x00007ff839d20000 - 0x00007ff839e97000 	C:\Windows\system32\USER32.dll
0x00007ff83a3c0000 - 0x00007ff83a554000 	C:\Windows\system32\ole32.dll
0x00007ff8386b0000 - 0x00007ff839bd8000 	C:\Windows\system32\SHELL32.dll
0x00007ff836ec0000 - 0x00007ff836ee1000 	C:\Windows\SYSTEM32\USERENV.dll
0x00007ff83a6c0000 - 0x00007ff83a76a000 	C:\Windows\system32\ADVAPI32.dll
0x00007ff82dc90000 - 0x00007ff82dcae000 	C:\Windows\SYSTEM32\MPR.dll
0x00007ff838290000 - 0x00007ff8383d0000 	C:\Windows\system32\RPCRT4.dll
0x00007ff83a770000 - 0x00007ff83a7c9000 	C:\Windows\SYSTEM32\sechost.dll
0x00007ff838490000 - 0x00007ff8386a1000 	C:\Windows\SYSTEM32\combase.dll
0x00007ff839fe0000 - 0x00007ff83a12f000 	C:\Windows\system32\GDI32.dll
0x00007ff8378f0000 - 0x00007ff837905000 	C:\Windows\SYSTEM32\profapi.dll
0x00007ff836180000 - 0x00007ff836232000 	C:\Windows\SYSTEM32\SHCORE.dll
0x00007ff83a320000 - 0x00007ff83a356000 	C:\Windows\system32\IMM32.DLL
0x00007ff83a560000 - 0x00007ff83a6b2000 	C:\Windows\system32\MSCTF.dll
0x00007ff8359c0000 - 0x00007ff835c3b000 	C:\Windows\WinSxS\amd64_microsoft.windows.common-controls_6595b64144ccf1df_6.0.9600.18006_none_623f33d3ecbe86e8\COMCTL32.dll
0x0000000068cf0000 - 0x0000000068dc2000 	C:\Android\Java\jre\bin\msvcr100.dll
0x0000000068450000 - 0x0000000068cea000 	C:\Android\Java\jre\bin\server\jvm.dll
0x00007ff830c00000 - 0x00007ff830c09000 	C:\Windows\SYSTEM32\WSOCK32.dll
0x00007ff82db00000 - 0x00007ff82db22000 	C:\Windows\SYSTEM32\WINMM.dll
0x00007ff830bf0000 - 0x00007ff830bfa000 	C:\Windows\SYSTEM32\VERSION.dll
0x00007ff837e60000 - 0x00007ff837e67000 	C:\Windows\system32\PSAPI.DLL
0x00007ff839ea0000 - 0x00007ff839efa000 	C:\Windows\system32\WS2_32.dll
0x00007ff82dab0000 - 0x00007ff82dada000 	C:\Windows\SYSTEM32\WINMMBASE.dll
0x00007ff837e50000 - 0x00007ff837e59000 	C:\Windows\system32\NSI.dll
0x00007ff837b90000 - 0x00007ff837bdf000 	C:\Windows\SYSTEM32\cfgmgr32.dll
0x00007ff8366d0000 - 0x00007ff8366f8000 	C:\Windows\SYSTEM32\DEVOBJ.dll
0x0000000068440000 - 0x000000006844f000 	C:\Android\Java\jre\bin\verify.dll
0x0000000068410000 - 0x0000000068439000 	C:\Android\Java\jre\bin\java.dll
0x00000000683f0000 - 0x0000000068406000 	C:\Android\Java\jre\bin\zip.dll

VM Arguments:
jvm_args: -Djava.awt.headless=true -Xmx1024M -Dfile.encoding=windows-1251 -Duser.country=RU -Duser.language=ru -Duser.variant 
java_command: com.android.dx.command.Main --dex --num-threads=4 --output C:\Android\Projects\Organizer\app\build\intermediates\pre-dexed\debug\classes_23728b484594caca3a38eda41fcf09a6977301d7.jar C:\Users\a.limenko\.android\build-cache\e48cf831cfe8ce5fae32a4a7bcfcbd2c69cddf2e\output\jars\classes.jar
java_class_path (initial): C:\Users\a.limenko\AppData\Local\Android\Sdk\build-tools\25.0.0\lib\dx.jar
Launcher Type: SUN_STANDARD

Environment Variables:
PATH=C:\ProgramData\Oracle\Java\javapath;C:\Windows\system32;C:\Windows;C:\Windows\System32\Wbem;C:\Windows\System32\WindowsPowerShell\v1.0\;C:\Program Files\Git\cmd;C:\Program Files (x86)\Skype\Phone\;C:\Users\a.limenko\AppData\Local\Programs\Python\Python35\Scripts\;C:\Users\a.limenko\AppData\Local\Programs\Python\Python35\
USERNAME=a.limenko
OS=Windows_NT
PROCESSOR_IDENTIFIER=Intel64 Family 6 Model 58 Stepping 9, GenuineIntel



---------------  S Y S T E M  ---------------

OS: Windows 8.1 , 64 bit Build 9600 (6.3.9600.17415)

CPU:total 4 (2 cores per cpu, 2 threads per core) family 6 model 58 stepping 9, cmov, cx8, fxsr, mmx, sse, sse2, sse3, ssse3, sse4.1, sse4.2, popcnt, avx, clmul, erms, ht, tsc, tscinvbit, tscinv

Memory: 4k page, physical 6201640k(1115636k free), swap 6201640k(5156k free)

vm_info: Java HotSpot(TM) 64-Bit Server VM (25.111-b14) for windows-amd64 JRE (1.8.0_111-b14), built on Sep 22 2016 19:24:05 by "java_re" with MS VC++ 10.0 (VS2010)

time: Tue Mar 28 14:04:00 2017
elapsed time: 2 seconds (0d 0h 0m 2s)

